<?xml version="1.0" encoding="UTF-8"?>
<testsuite name="com.soj.pattern.builder.PepsiTest" tests="3" skipped="0" failures="0" errors="0" timestamp="2022-02-15T17:47:53" hostname="DESKTOP-H3C67DB" time="0.001">
  <properties/>
  <testcase name="testToGetPackagingCoke()" classname="com.soj.pattern.builder.PepsiTest" time="0.001"/>
  <testcase name="testToGetPriceCoke()" classname="com.soj.pattern.builder.PepsiTest" time="0.0"/>
  <testcase name="testToGetNameOfPepsi()" classname="com.soj.pattern.builder.PepsiTest" time="0.0"/>
  <system-out><![CDATA[]]></system-out>
  <system-err><![CDATA[]]></system-err>
</testsuite>
