<?xml version="1.0" encoding="UTF-8"?>
<testsuite name="com.soj.pattern.builder.BottleTest" tests="1" skipped="0" failures="0" errors="0" timestamp="2022-02-15T17:47:52" hostname="DESKTOP-H3C67DB" time="0.027">
  <properties/>
  <testcase name="testToPackTheBottle()" classname="com.soj.pattern.builder.BottleTest" time="0.027"/>
  <system-out><![CDATA[]]></system-out>
  <system-err><![CDATA[]]></system-err>
</testsuite>
