<?xml version="1.0" encoding="UTF-8"?>
<testsuite name="com.soj.pattern.builder.MealTest" tests="3" skipped="0" failures="0" errors="0" timestamp="2022-02-15T17:47:53" hostname="DESKTOP-H3C67DB" time="0.009">
  <properties/>
  <testcase name="testToGetListOfItems()" classname="com.soj.pattern.builder.MealTest" time="0.001"/>
  <testcase name="testToShowItems()" classname="com.soj.pattern.builder.MealTest" time="0.007"/>
  <testcase name="testToGetTotalCost()" classname="com.soj.pattern.builder.MealTest" time="0.0"/>
  <system-out><![CDATA[]]></system-out>
  <system-err><![CDATA[]]></system-err>
</testsuite>
